/*C12*/SET SCHEMA PUBLIC
drop table if exists course cascade 
drop table if exists course_material cascade 
drop table if exists student cascade 
drop table if exists students_courses cascade 
drop table if exists teacher cascade 
create table course (id bigint generated by default as identity (start with 1), teacher_id bigint, title varchar(255) unique, primary key (id))
create table course_material (course_id bigint not null unique, id bigint not null, course_code varchar(255), rss_no varchar(255), url varchar(255) unique, primary key (id), unique (course_code, rss_no))
create table student (birthdate date, exam_average_grade float(53), want_newsletter boolean, created_by bigint, created_date timestamp(6), id bigint generated by default as identity (start with 1), last_modified_by bigint, last_modified_date timestamp(6), email varchar(255), firstname varchar(255), gender varchar(255) check (gender in ('MALE','FEMALE')), lastname varchar(255) not null, st_city varchar(255), st_number varchar(255), st_street varchar(255), primary key (id))
create table students_courses (course_id bigint not null, student_id bigint not null)
create table teacher (id bigint generated by default as identity (start with 1), firstname varchar(255), lastname varchar(255), primary key (id))
alter table course add constraint FKsybhlxoejr4j3teomm5u2bx1n foreign key (teacher_id) references teacher
alter table course_material add constraint FK6qgylrot7cxgungunwyrslpeo foreign key (course_id) references course
alter table students_courses add constraint FKd6vd2y2gdvqap78cu28i6xki5 foreign key (course_id) references course
alter table students_courses add constraint FKfbiw8vd6a6fxgjlqi99c977al foreign key (student_id) references student
INSERT INTO TEACHER VALUES(1,'Gaia','Bianchi')
COMMIT
INSERT INTO TEACHER VALUES(2,'Giuseppe','Rossi')
COMMIT
INSERT INTO TEACHER VALUES(3,'Matteo','Verdi')
COMMIT
INSERT INTO TEACHER VALUES(4,'Giorgio','Gialli')
COMMIT
INSERT INTO TEACHER VALUES(5,'Mario','Neri')
COMMIT
INSERT INTO COURSE VALUES(1,1,'Lettere Moderne')
COMMIT
INSERT INTO COURSE_MATERIAL VALUES(1,100,NULL,NULL,'http://www.unical.it/letteremoderne')
COMMIT
INSERT INTO COURSE VALUES(2,2,'Filosofia')
COMMIT
INSERT INTO COURSE_MATERIAL VALUES(2,101,NULL,NULL,'http://www.unical.it/filosofia')
COMMIT
INSERT INTO COURSE VALUES(3,3,'Storia')
COMMIT
INSERT INTO COURSE_MATERIAL VALUES(3,102,NULL,NULL,'http://www.unical.it/storia')
COMMIT
INSERT INTO COURSE VALUES(4,4,'Lettere Classiche')
COMMIT
INSERT INTO COURSE_MATERIAL VALUES(4,103,NULL,NULL,'http://www.unical.it/lettereclassiche')
COMMIT
INSERT INTO COURSE VALUES(5,5,'ASD')
COMMIT
INSERT INTO COURSE_MATERIAL VALUES(5,104,NULL,NULL,'http://www.unical.it/asd')
COMMIT
INSERT INTO COURSE VALUES(6,5,'Reti')
COMMIT
INSERT INTO COURSE_MATERIAL VALUES(6,105,NULL,NULL,'http://www.unical.it/reti')
COMMIT
INSERT INTO STUDENT VALUES('2000-01-01',0.0E0,TRUE,1000001,'2024-04-24 18:02:55.834880',1,1000001,'2024-04-24 18:02:55.834880',NULL,'Aaa','MALE','Bbb','Cosenza','10','Via Pascoli')
INSERT INTO STUDENTS_COURSES VALUES(1,1)
INSERT INTO STUDENTS_COURSES VALUES(2,1)
INSERT INTO STUDENTS_COURSES VALUES(3,1)
INSERT INTO STUDENTS_COURSES VALUES(4,1)
COMMIT
INSERT INTO STUDENT VALUES('1999-06-01',0.0E0,FALSE,1000001,'2024-04-24 18:02:55.863882',2,1000001,'2024-04-24 18:02:55.863882',NULL,'Ccc','FEMALE','Ddd','Cosenza','8','Via Pascoli')
INSERT INTO STUDENTS_COURSES VALUES(1,2)
INSERT INTO STUDENTS_COURSES VALUES(3,2)
COMMIT
INSERT INTO STUDENT VALUES('1999-08-10',0.0E0,FALSE,1000001,'2024-04-24 18:02:55.871883',3,1000001,'2024-04-24 18:02:55.871883',NULL,'Eee','FEMALE','Fff','Catanzaro','18','Via Ungaretti')
INSERT INTO STUDENTS_COURSES VALUES(1,3)
INSERT INTO STUDENTS_COURSES VALUES(4,3)
COMMIT
INSERT INTO STUDENT VALUES('2000-09-22',0.0E0,TRUE,1000001,'2024-04-24 18:02:55.880881',4,1000001,'2024-04-24 18:02:55.880881',NULL,'Ooo','FEMALE','Ppp','Cosenza','15','Viale della Repubblica')
INSERT INTO STUDENTS_COURSES VALUES(1,4)
INSERT INTO STUDENTS_COURSES VALUES(2,4)
INSERT INTO STUDENTS_COURSES VALUES(3,4)
COMMIT
INSERT INTO STUDENT VALUES('2001-05-12',0.0E0,TRUE,1000001,'2024-04-24 18:02:55.891880',5,1000001,'2024-04-24 18:02:55.891880',NULL,'Ggg','MALE','Hhhh','Reggio Calabria','454','Via Manzoni')
INSERT INTO STUDENTS_COURSES VALUES(1,5)
INSERT INTO STUDENTS_COURSES VALUES(3,5)
INSERT INTO STUDENTS_COURSES VALUES(4,5)
COMMIT
INSERT INTO STUDENT VALUES('2000-07-22',0.0E0,TRUE,1000001,'2024-04-24 18:02:55.897880',6,1000001,'2024-04-24 18:02:55.897880',NULL,'Iii','MALE','Lll','Cosenza','5','Piazza Loreto')
INSERT INTO STUDENTS_COURSES VALUES(1,6)
COMMIT
INSERT INTO STUDENT VALUES('2000-12-22',0.0E0,TRUE,1000001,'2024-04-24 18:02:55.908885',7,1000001,'2024-04-24 18:02:55.908885',NULL,'Mmm','MALE','Nnn','Cosenza','15','Viale della Repubblica')
INSERT INTO STUDENTS_COURSES VALUES(1,7)
INSERT INTO STUDENTS_COURSES VALUES(3,7)
COMMIT
INSERT INTO STUDENT VALUES('2000-09-22',0.0E0,TRUE,1000001,'2024-04-24 18:02:55.918396',8,1000001,'2024-04-24 18:02:55.918396',NULL,'Qqq','FEMALE','Rrr','Cosenza','15','Viale della Repubblica')
INSERT INTO STUDENTS_COURSES VALUES(1,8)
INSERT INTO STUDENTS_COURSES VALUES(4,8)
COMMIT
INSERT INTO STUDENT VALUES('1998-08-12',0.0E0,TRUE,1000001,'2024-04-24 18:02:55.927397',9,1000001,'2024-04-24 18:02:55.927397',NULL,'Sss','FEMALE','Ttt','Crotone','455','Corso America')
INSERT INTO STUDENTS_COURSES VALUES(1,9)
INSERT INTO STUDENTS_COURSES VALUES(2,9)
COMMIT
INSERT INTO STUDENT VALUES('2001-04-11',0.0E0,TRUE,1000001,'2024-04-24 18:02:55.939396',10,1000001,'2024-04-24 18:02:55.939396',NULL,'Uuu','FEMALE','Vvv','Vibo Valentia','4','Via Alimena')
INSERT INTO STUDENTS_COURSES VALUES(1,10)
INSERT INTO STUDENTS_COURSES VALUES(2,10)
INSERT INTO STUDENTS_COURSES VALUES(3,10)
COMMIT
DISCONNECT
/*C13*/SET SCHEMA PUBLIC
DISCONNECT
/*C14*/SET SCHEMA PUBLIC
DISCONNECT
/*C15*/SET SCHEMA PUBLIC
DISCONNECT
/*C16*/SET SCHEMA PUBLIC
DISCONNECT
/*C17*/SET SCHEMA PUBLIC
DISCONNECT
/*C18*/SET SCHEMA PUBLIC
DISCONNECT
/*C19*/SET SCHEMA PUBLIC
DISCONNECT
/*C20*/SET SCHEMA PUBLIC
DISCONNECT
/*C21*/SET SCHEMA PUBLIC
DISCONNECT
