/*C12*/SET SCHEMA PUBLIC
INSERT INTO CUSTOMER VALUES(2,'john@domain.com','John')
ALTER SEQUENCE PUBLIC.CUSTOMER_SEQ RESTART WITH 101
COMMIT
INSERT INTO CUSTOMER VALUES(3,'julie@domain.com','Julie')
COMMIT
DISCONNECT
/*C13*/SET SCHEMA PUBLIC
DISCONNECT
/*C14*/SET SCHEMA PUBLIC
DISCONNECT
/*C15*/SET SCHEMA PUBLIC
DISCONNECT
/*C16*/SET SCHEMA PUBLIC
DISCONNECT
/*C17*/SET SCHEMA PUBLIC
DISCONNECT
/*C18*/SET SCHEMA PUBLIC
DISCONNECT
/*C19*/SET SCHEMA PUBLIC
DISCONNECT
/*C20*/SET SCHEMA PUBLIC
DISCONNECT
/*C21*/SET SCHEMA PUBLIC
DISCONNECT
