/*C12*/SET SCHEMA PUBLIC
drop table if exists course cascade 
drop table if exists course_material cascade 
drop table if exists student cascade 
drop table if exists students_courses cascade 
drop table if exists teacher cascade 
create table course (id bigint generated by default as identity (start with 1), title varchar(255), teacher_id bigint, primary key (id))
create table course_material (id bigint not null, course_code varchar(255), rss_no varchar(255), url varchar(255), course_id bigint not null, primary key (id))
create table student (id bigint generated by default as identity (start with 1), st_city varchar(255), st_number varchar(255), st_street varchar(255), birthdate date, created_by bigint, created_date timestamp(6), email varchar(255), exam_average_grade float(53), firstname varchar(255), gender varchar(255), last_modified_by bigint, last_modified_date timestamp(6), lastname varchar(255) not null, want_newsletter boolean, primary key (id))
create table students_courses (student_id bigint not null, course_id bigint not null)
create table teacher (id bigint generated by default as identity (start with 1), firstname varchar(255), lastname varchar(255), primary key (id))
alter table course add constraint UK_msgoex7rold2eqqf1cllhk02i unique (title)
alter table course_material add constraint UK_h1og6srs8s1xhabgqtkhdf96q unique (course_id)
alter table course_material add constraint UKq9teo31cqa38y6driqumc4lsu unique (course_code, rss_no)
alter table course_material add constraint UK_kqs4s1bitfm6mvvud6nopn8bp unique (url)
alter table course add constraint FKsybhlxoejr4j3teomm5u2bx1n foreign key (teacher_id) references teacher
alter table course_material add constraint FK6qgylrot7cxgungunwyrslpeo foreign key (course_id) references course
alter table students_courses add constraint FKd6vd2y2gdvqap78cu28i6xki5 foreign key (course_id) references course
alter table students_courses add constraint FKfbiw8vd6a6fxgjlqi99c977al foreign key (student_id) references student
INSERT INTO TEACHER VALUES(1,'Gaia','Bianchi')
COMMIT
INSERT INTO TEACHER VALUES(2,'Giuseppe','Rossi')
COMMIT
INSERT INTO TEACHER VALUES(3,'Matteo','Verdi')
COMMIT
INSERT INTO TEACHER VALUES(4,'Giorgio','Gialli')
COMMIT
INSERT INTO TEACHER VALUES(5,'Mario','Neri')
COMMIT
INSERT INTO COURSE VALUES(1,'Lettere Moderne',1)
COMMIT
INSERT INTO COURSE_MATERIAL VALUES(100,NULL,NULL,'http://www.unical.it/letteremoderne',1)
COMMIT
INSERT INTO COURSE VALUES(2,'Filosofia',2)
COMMIT
INSERT INTO COURSE_MATERIAL VALUES(101,NULL,NULL,'http://www.unical.it/filosofia',2)
COMMIT
INSERT INTO COURSE VALUES(3,'Storia',3)
COMMIT
INSERT INTO COURSE_MATERIAL VALUES(102,NULL,NULL,'http://www.unical.it/storia',3)
COMMIT
INSERT INTO COURSE VALUES(4,'Lettere Classiche',4)
COMMIT
INSERT INTO COURSE_MATERIAL VALUES(103,NULL,NULL,'http://www.unical.it/lettereclassiche',4)
COMMIT
INSERT INTO COURSE VALUES(5,'ASD',5)
COMMIT
INSERT INTO COURSE_MATERIAL VALUES(104,NULL,NULL,'http://www.unical.it/asd',5)
COMMIT
INSERT INTO COURSE VALUES(6,'Reti',5)
COMMIT
INSERT INTO COURSE_MATERIAL VALUES(105,NULL,NULL,'http://www.unical.it/reti',6)
COMMIT
INSERT INTO STUDENT VALUES(1,'Cosenza','10','Via Pascoli','2000-01-01',1000001,'2023-04-25 23:21:31.406741',NULL,0.0E0,'Aaa','MALE',1000001,'2023-04-25 23:21:31.406741','Bbb',TRUE)
INSERT INTO STUDENTS_COURSES VALUES(1,1)
INSERT INTO STUDENTS_COURSES VALUES(1,2)
INSERT INTO STUDENTS_COURSES VALUES(1,3)
INSERT INTO STUDENTS_COURSES VALUES(1,4)
COMMIT
INSERT INTO STUDENT VALUES(2,'Cosenza','8','Via Pascoli','1999-06-01',1000001,'2023-04-25 23:21:31.419450',NULL,0.0E0,'Ccc','FEMALE',1000001,'2023-04-25 23:21:31.419450','Ddd',FALSE)
INSERT INTO STUDENTS_COURSES VALUES(2,1)
INSERT INTO STUDENTS_COURSES VALUES(2,3)
COMMIT
INSERT INTO STUDENT VALUES(3,'Catanzaro','18','Via Ungaretti','1999-08-10',1000001,'2023-04-25 23:21:31.427464',NULL,0.0E0,'Eee','FEMALE',1000001,'2023-04-25 23:21:31.427464','Fff',FALSE)
INSERT INTO STUDENTS_COURSES VALUES(3,1)
INSERT INTO STUDENTS_COURSES VALUES(3,4)
COMMIT
INSERT INTO STUDENT VALUES(4,'Cosenza','15','Viale della Repubblica','2000-09-22',1000001,'2023-04-25 23:21:31.441464',NULL,0.0E0,'Ooo','FEMALE',1000001,'2023-04-25 23:21:31.441464','Ppp',TRUE)
INSERT INTO STUDENTS_COURSES VALUES(4,1)
INSERT INTO STUDENTS_COURSES VALUES(4,2)
INSERT INTO STUDENTS_COURSES VALUES(4,3)
COMMIT
INSERT INTO STUDENT VALUES(5,'Reggio Calabria','454','Via Manzoni','2001-05-12',1000001,'2023-04-25 23:21:31.456689',NULL,0.0E0,'Ggg','MALE',1000001,'2023-04-25 23:21:31.456689','Hhhh',TRUE)
INSERT INTO STUDENTS_COURSES VALUES(5,1)
INSERT INTO STUDENTS_COURSES VALUES(5,3)
INSERT INTO STUDENTS_COURSES VALUES(5,4)
COMMIT
INSERT INTO STUDENT VALUES(6,'Cosenza','5','Piazza Loreto','2000-07-22',1000001,'2023-04-25 23:21:31.465002',NULL,0.0E0,'Iii','MALE',1000001,'2023-04-25 23:21:31.465002','Lll',TRUE)
INSERT INTO STUDENTS_COURSES VALUES(6,1)
COMMIT
INSERT INTO STUDENT VALUES(7,'Cosenza','15','Viale della Repubblica','2000-12-22',1000001,'2023-04-25 23:21:31.478002',NULL,0.0E0,'Mmm','MALE',1000001,'2023-04-25 23:21:31.478002','Nnn',TRUE)
INSERT INTO STUDENTS_COURSES VALUES(7,1)
INSERT INTO STUDENTS_COURSES VALUES(7,3)
COMMIT
INSERT INTO STUDENT VALUES(8,'Cosenza','15','Viale della Repubblica','2000-09-22',1000001,'2023-04-25 23:21:31.492000',NULL,0.0E0,'Qqq','FEMALE',1000001,'2023-04-25 23:21:31.492000','Rrr',TRUE)
INSERT INTO STUDENTS_COURSES VALUES(8,1)
INSERT INTO STUDENTS_COURSES VALUES(8,4)
COMMIT
INSERT INTO STUDENT VALUES(9,'Crotone','455','Corso America','1998-08-12',1000001,'2023-04-25 23:21:31.506003',NULL,0.0E0,'Sss','FEMALE',1000001,'2023-04-25 23:21:31.506003','Ttt',TRUE)
INSERT INTO STUDENTS_COURSES VALUES(9,1)
INSERT INTO STUDENTS_COURSES VALUES(9,2)
COMMIT
INSERT INTO STUDENT VALUES(10,'Vibo Valentia','4','Via Alimena','2001-04-11',1000001,'2023-04-25 23:21:31.521003',NULL,0.0E0,'Uuu','FEMALE',1000001,'2023-04-25 23:21:31.521003','Vvv',TRUE)
INSERT INTO STUDENTS_COURSES VALUES(10,1)
INSERT INTO STUDENTS_COURSES VALUES(10,2)
INSERT INTO STUDENTS_COURSES VALUES(10,3)
COMMIT
DISCONNECT
/*C13*/SET SCHEMA PUBLIC
DISCONNECT
/*C14*/SET SCHEMA PUBLIC
DISCONNECT
/*C15*/SET SCHEMA PUBLIC
DISCONNECT
/*C16*/SET SCHEMA PUBLIC
DISCONNECT
/*C17*/SET SCHEMA PUBLIC
DISCONNECT
/*C18*/SET SCHEMA PUBLIC
DISCONNECT
/*C19*/SET SCHEMA PUBLIC
DISCONNECT
/*C20*/SET SCHEMA PUBLIC
DISCONNECT
/*C21*/SET SCHEMA PUBLIC
DISCONNECT
